0 info it worked if it ends with ok
1 verbose cli [ '/usr/local/Cellar/node/4.1.1/bin/node',
1 verbose cli   '/usr/local/bin/npm',
1 verbose cli   'run',
1 verbose cli   'dist' ]
2 info using npm@3.8.9
3 info using node@v6.2.0
4 verbose run-script [ 'predist', 'dist', 'postdist' ]
5 info lifecycle voldetrump@1.0.2~predist: voldetrump@1.0.2
6 silly lifecycle voldetrump@1.0.2~predist: no script for predist, continuing
7 info lifecycle voldetrump@1.0.2~dist: voldetrump@1.0.2
8 verbose lifecycle voldetrump@1.0.2~dist: unsafe-perm in lifecycle true
9 verbose lifecycle voldetrump@1.0.2~dist: PATH: /usr/local/lib/node_modules/npm/bin/node-gyp-bin:/Users/devinfrenze/web/voldetrump/node_modules/.bin:/usr/local/Cellar/node/4.1.1/bin:/Users/devinfrenze/Downloads/google-cloud-sdk/bin:/opt/local/bin:/opt/local/sbin:/opt/local/bin:/opt/local/sbin:/opt/local/bin:/opt/local/sbin:/opt/local/bin:/opt/local/sbin:/usr/local/bin:/usr/bin:/bin:/usr/sbin:/sbin:/opt/X11/bin:/usr/texbin:/usr/local/opt/go/libexec/bin:/Users/devinfrenze/Documents/go/bin:/Users/devinfrenze/Documents/SDKs/go_appengine:/Users/devinfrenze/.rvm/bin
10 verbose lifecycle voldetrump@1.0.2~dist: CWD: /Users/devinfrenze/web/voldetrump
11 silly lifecycle voldetrump@1.0.2~dist: Args: [ '-c', 'gulp dist' ]
12 silly lifecycle voldetrump@1.0.2~dist: Returned: code: 1  signal: null
13 info lifecycle voldetrump@1.0.2~dist: Failed to exec dist script
14 verbose stack Error: voldetrump@1.0.2 dist: `gulp dist`
14 verbose stack Exit status 1
14 verbose stack     at EventEmitter.<anonymous> (/usr/local/lib/node_modules/npm/lib/utils/lifecycle.js:245:16)
14 verbose stack     at emitTwo (events.js:106:13)
14 verbose stack     at EventEmitter.emit (events.js:191:7)
14 verbose stack     at ChildProcess.<anonymous> (/usr/local/lib/node_modules/npm/lib/utils/spawn.js:24:14)
14 verbose stack     at emitTwo (events.js:106:13)
14 verbose stack     at ChildProcess.emit (events.js:191:7)
14 verbose stack     at maybeClose (internal/child_process.js:850:16)
14 verbose stack     at Process.ChildProcess._handle.onexit (internal/child_process.js:215:5)
15 verbose pkgid voldetrump@1.0.2
16 verbose cwd /Users/devinfrenze/web/voldetrump
17 error Darwin 15.5.0
18 error argv "/usr/local/Cellar/node/4.1.1/bin/node" "/usr/local/bin/npm" "run" "dist"
19 error node v6.2.0
20 error npm  v3.8.9
21 error code ELIFECYCLE
22 error voldetrump@1.0.2 dist: `gulp dist`
22 error Exit status 1
23 error Failed at the voldetrump@1.0.2 dist script 'gulp dist'.
23 error Make sure you have the latest version of node.js and npm installed.
23 error If you do, this is most likely a problem with the voldetrump package,
23 error not with npm itself.
23 error Tell the author that this fails on your system:
23 error     gulp dist
23 error You can get information on how to open an issue for this project with:
23 error     npm bugs voldetrump
23 error Or if that isn't available, you can get their info via:
23 error     npm owner ls voldetrump
23 error There is likely additional logging output above.
24 verbose exit [ 1, true ]
